#0
Name: минисет отрешенного взгляда
Vnum: 610 ;браслет
    Oqty: 3
        Clss: 2 4 5 9 10 
        Amsg: &RБраслет отрешенного взгляда засиял ярким пламенем&n
        Dmsg: &RЯркое пламя браслета отрешенного взгляда медленно угасло&n
                Ramg: &RБраслет отрешенного взгляда засиял ярким пламенем&n
        Rdmg: &RЯркое пламя браслета отрешенного взгляда медленно угасло&n
        Affs: m1l1k1w0d0
        Afcn: 1 3
        Afcn: 2 3
        Afcn: 5 3
        Afcn: 39 -20
Vnum: 611 ;амулет
    Oqty: 3
        Clss: 2 4 5 9 10 
        Amsg: &RАмулет отрешенного взгляда вспыхнул ярким пламенем&n
        Dmsg: &RЯркое пламя амулета отрешенного взгляда медленно угасло&n
        Ramg: &RАмулет отрешенного взгляда вспыхнул ярким пламенем&n
        Rdmg: &RЯркое пламя амулета отрешенного взгляда медленно угасло&n
        Afcn: 44 20
        Afcn: 42 12
        Afcn: 13 120
        Afcn: 18 8
        Afcn: 19 8
        Afcn: 1 3
        Afcn: 2 3
        Afcn: 5 3
